# JRE version: OpenJDK Runtime Environment (11.0.12+7) (build 11.0.12+7-b1504.28-7817840)
# Java VM: OpenJDK 64-Bit Server VM (11.0.12+7-b1504.28-7817840, mixed mode, tiered, compressed oops, g1 gc, windows-amd64)
Heap:
 garbage-first heap   total 262144K, used 77687K [0x0000000080000000, 0x0000000100000000)
  region size 1024K, 47 young (48128K), 13 survivors (13312K)
 Metaspace       used 62221K, capacity 63735K, committed 63872K, reserved 1103872K
  class space    used 7925K, capacity 8512K, committed 8576K, reserved 1048576K
GC Heap History (14 events):
Event: 0.637 GC heap before
{Heap before GC invocations=0 (full 0):
 garbage-first heap   total 262144K, used 29696K [0x0000000080000000, 0x0000000100000000)
  region size 1024K, 24 young (24576K), 0 survivors (0K)
 Metaspace       used 10398K, capacity 10617K, committed 10880K, reserved 1058816K
  class space    used 1069K, capacity 1140K, committed 1152K, reserved 1048576K
}
Event: 0.642 GC heap after
{Heap after GC invocations=1 (full 0):
 garbage-first heap   total 262144K, used 9925K [0x0000000080000000, 0x0000000100000000)
  region size 1024K, 3 young (3072K), 3 survivors (3072K)
 Metaspace       used 10398K, capacity 10617K, committed 10880K, reserved 1058816K
  class space    used 1069K, capacity 1140K, committed 1152K, reserved 1048576K
}
Event: 2.959 GC heap before
{Heap before GC invocations=1 (full 0):
 garbage-first heap   total 262144K, used 114373K [0x0000000080000000, 0x0000000100000000)
  region size 1024K, 106 young (108544K), 3 survivors (3072K)
 Metaspace       used 20699K, capacity 21131K, committed 21248K, reserved 1067008K
  class space    used 2541K, capacity 2710K, committed 2816K, reserved 1048576K
}
Event: 2.971 GC heap after
{Heap after GC invocations=2 (full 0):
 garbage-first heap   total 262144K, used 16955K [0x0000000080000000, 0x0000000100000000)
  region size 1024K, 10 young (10240K), 10 survivors (10240K)
 Metaspace       used 20699K, capacity 21131K, committed 21248K, reserved 1067008K
  class space    used 2541K, capacity 2710K, committed 2816K, reserved 1048576K
}
Event: 3.720 GC heap before
{Heap before GC invocations=3 (full 0):
 garbage-first heap   total 262144K, used 83515K [0x0000000080000000, 0x0000000100000000)
  region size 1024K, 76 young (77824K), 10 survivors (10240K)
 Metaspace       used 27515K, capacity 28164K, committed 28288K, reserved 1073152K
  class space    used 3606K, capacity 3853K, committed 3968K, reserved 1048576K
}
Event: 3.728 GC heap after
{Heap after GC invocations=4 (full 0):
 garbage-first heap   total 262144K, used 19506K [0x0000000080000000, 0x0000000100000000)
  region size 1024K, 3 young (3072K), 3 survivors (3072K)
 Metaspace       used 27515K, capacity 28164K, committed 28288K, reserved 1073152K
  class space    used 3606K, capacity 3853K, committed 3968K, reserved 1048576K
}
Event: 4.303 GC heap before
{Heap before GC invocations=4 (full 0):
 garbage-first heap   total 262144K, used 64562K [0x0000000080000000, 0x0000000100000000)
  region size 1024K, 48 young (49152K), 3 survivors (3072K)
 Metaspace       used 34984K, capacity 35783K, committed 35840K, reserved 1081344K
  class space    used 4534K, capacity 4839K, committed 4864K, reserved 1048576K
}
Event: 4.314 GC heap after
{Heap after GC invocations=5 (full 0):
 garbage-first heap   total 262144K, used 22032K [0x0000000080000000, 0x0000000100000000)
  region size 1024K, 6 young (6144K), 6 survivors (6144K)
 Metaspace       used 34984K, capacity 35783K, committed 35840K, reserved 1081344K
  class space    used 4534K, capacity 4839K, committed 4864K, reserved 1048576K
}
Event: 5.482 GC heap before
{Heap before GC invocations=6 (full 0):
 garbage-first heap   total 262144K, used 134672K [0x0000000080000000, 0x0000000100000000)
  region size 1024K, 113 young (115712K), 6 survivors (6144K)
 Metaspace       used 44398K, capacity 45429K, committed 45568K, reserved 1089536K
  class space    used 5685K, capacity 6057K, committed 6144K, reserved 1048576K
}
Event: 5.492 GC heap after
{Heap after GC invocations=7 (full 0):
 garbage-first heap   total 262144K, used 29265K [0x0000000080000000, 0x0000000100000000)
  region size 1024K, 13 young (13312K), 13 survivors (13312K)
 Metaspace       used 44398K, capacity 45429K, committed 45568K, reserved 1089536K
  class space    used 5685K, capacity 6057K, committed 6144K, reserved 1048576K
}
Event: 6.957 GC heap before
{Heap before GC invocations=7 (full 0):
 garbage-first heap   total 262144K, used 168529K [0x0000000080000000, 0x0000000100000000)
  region size 1024K, 145 young (148480K), 13 survivors (13312K)
 Metaspace       used 53352K, capacity 54704K, committed 54784K, reserved 1097728K
  class space    used 6821K, capacity 7344K, committed 7424K, reserved 1048576K
}
Event: 6.972 GC heap after
{Heap after GC invocations=8 (full 0):
 garbage-first heap   total 262144K, used 42523K [0x0000000080000000, 0x0000000100000000)
  region size 1024K, 19 young (19456K), 19 survivors (19456K)
 Metaspace       used 53352K, capacity 54704K, committed 54784K, reserved 1097728K
  class space    used 6821K, capacity 7344K, committed 7424K, reserved 1048576K
}
Event: 7.711 GC heap before
{Heap before GC invocations=8 (full 0):
 garbage-first heap   total 262144K, used 76315K [0x0000000080000000, 0x0000000100000000)
  region size 1024K, 53 young (54272K), 19 survivors (19456K)
 Metaspace       used 58655K, capacity 60080K, committed 60160K, reserved 1101824K
  class space    used 7485K, capacity 8003K, committed 8064K, reserved 1048576K
}
Event: 7.737 GC heap after
{Heap after GC invocations=9 (full 0):
 garbage-first heap   total 262144K, used 44919K [0x0000000080000000, 0x0000000100000000)
  region size 1024K, 13 young (13312K), 13 survivors (13312K)
 Metaspace       used 58655K, capacity 60080K, committed 60160K, reserved 1101824K
  class space    used 7485K, capacity 8003K, committed 8064K, reserved 1048576K
}

